============================================================
Generated by:           Encounter(R) RTL Compiler v11.10-p005_1
  Generated on:           May 19 2021  05:09:01 pm
  Module:                 proposedmultiplier1
  Technology library:     fast_vdd1v0 1.0
  Operating conditions:   PVT_1P1V_0C (balanced_tree)
  Wireload mode:          enclosed
  Area mode:              timing library
============================================================

                               Leakage   Dynamic    Total   
        Instance        Cells Power(nW) Power(nW) Power(nW) 
------------------------------------------------------------
bypassmultipler8NEWsign   445    30.193 16421.924 16452.117 
  b2v_inst61                8     0.552   166.851   167.403 
    b2v_inst11              1     0.109    40.592    40.700 
    b2v_inst10              1     0.093    28.225    28.318 
    b2v_inst1               1     0.083     6.977     7.060 
    b2v_inst6               1     0.066    10.309    10.375 
    b2v_inst                1     0.060    18.844    18.903 
    b2v_inst14              1     0.052    27.510    27.562 
    b2v_inst2               1     0.045    23.635    23.680 
    b2v_inst13              1     0.045    10.761    10.805 
  b2v_inst56                8     0.537   235.731   236.268 
    b2v_inst10              1     0.112    42.840    42.953 
    b2v_inst11              1     0.089    28.629    28.718 
    b2v_inst1               1     0.084    33.323    33.408 
    b2v_inst2               1     0.074    37.224    37.297 
    b2v_inst                1     0.050    23.404    23.454 
    b2v_inst13              1     0.049    23.162    23.211 
    b2v_inst14              1     0.044    33.920    33.963 
    b2v_inst6               1     0.035    13.229    13.264 
  b2v_inst51                8     0.534   304.886   305.420 
    b2v_inst10              1     0.111    57.108    57.219 
    b2v_inst1               1     0.092    51.943    52.035 
    b2v_inst11              1     0.092    39.931    40.022 
    b2v_inst2               1     0.066    48.825    48.890 
    b2v_inst13              1     0.049    25.212    25.261 
    b2v_inst14              1     0.046    44.234    44.281 
    b2v_inst6               1     0.041    12.456    12.497 
    b2v_inst                1     0.038    25.178    25.216 
  b2v_inst52                8     0.534   195.250   195.783 
    b2v_inst10              1     0.106    34.165    34.270 
    b2v_inst11              1     0.094    40.835    40.929 
    b2v_inst1               1     0.090    13.169    13.259 
    b2v_inst2               1     0.063    28.056    28.118 
    b2v_inst13              1     0.048    13.114    13.162 
    b2v_inst14              1     0.047    32.594    32.641 
    b2v_inst6               1     0.045    10.735    10.780 
    b2v_inst                1     0.041    22.582    22.623 
  b2v_inst49                8     0.531   263.580   264.111 
    b2v_inst10              1     0.115    28.921    29.036 
    b2v_inst1               1     0.093    51.967    52.060 
    b2v_inst11              1     0.089    46.430    46.519 
    b2v_inst2               1     0.065    44.687    44.752 
    b2v_inst13              1     0.050    22.600    22.650 
    b2v_inst14              1     0.046    40.257    40.302 
    b2v_inst                1     0.038    21.001    21.039 
    b2v_inst6               1     0.035     7.718     7.754 
  b2v_inst69                8     0.530   303.470   304.000 
    b2v_inst10              1     0.111    55.920    56.031 
    b2v_inst1               1     0.092    68.163    68.255 
    b2v_inst11              1     0.091    23.233    23.324 
    b2v_inst2               1     0.063    48.362    48.424 
    b2v_inst13              1     0.049    27.892    27.942 
    b2v_inst14              1     0.046    44.625    44.671 
    b2v_inst6               1     0.039    17.321    17.361 
    b2v_inst                1     0.038    17.954    17.992 
  b2v_inst47                8     0.530   249.609   250.139 
    b2v_inst10              1     0.113    42.490    42.604 
    b2v_inst1               1     0.095    45.976    46.071 
    b2v_inst11              1     0.090    28.472    28.562 
    b2v_inst2               1     0.062    37.686    37.747 
    b2v_inst13              1     0.050    19.665    19.715 
    b2v_inst14              1     0.047    47.834    47.882 
    b2v_inst6               1     0.037     9.387     9.424 
    b2v_inst                1     0.036    18.099    18.134 
  b2v_inst55                8     0.529   322.169   322.698 
    b2v_inst10              1     0.105    87.245    87.351 
    b2v_inst11              1     0.090    22.846    22.936 
    b2v_inst1               1     0.082    20.010    20.092 
    b2v_inst2               1     0.063    53.598    53.661 
    b2v_inst                1     0.056    39.845    39.902 
    b2v_inst13              1     0.049    32.525    32.574 
    b2v_inst14              1     0.046    52.856    52.902 
    b2v_inst6               1     0.038    13.244    13.282 
  b2v_inst50                8     0.528   310.135   310.663 
    b2v_inst10              1     0.114    49.760    49.874 
    b2v_inst1               1     0.093    65.416    65.510 
    b2v_inst11              1     0.088    34.767    34.855 
    b2v_inst2               1     0.061    50.028    50.090 
    b2v_inst13              1     0.051    29.596    29.647 
    b2v_inst14              1     0.047    47.578    47.625 
    b2v_inst                1     0.038    20.799    20.838 
    b2v_inst6               1     0.035    12.190    12.226 
  b2v_inst54                8     0.525   315.947   316.472 
    b2v_inst10              1     0.103    73.513    73.616 
    b2v_inst11              1     0.091    33.778    33.869 
    b2v_inst1               1     0.083    33.419    33.502 
    b2v_inst2               1     0.056    52.407    52.464 
    b2v_inst                1     0.054    36.845    36.900 
    b2v_inst13              1     0.050    26.903    26.952 
    b2v_inst14              1     0.047    51.684    51.731 
    b2v_inst6               1     0.040     7.398     7.438 
  b2v_inst57                8     0.523   259.358   259.881 
    b2v_inst10              1     0.111    58.536    58.647 
    b2v_inst11              1     0.087    11.648    11.735 
    b2v_inst1               1     0.086    26.513    26.598 
    b2v_inst2               1     0.065    45.086    45.151 
    b2v_inst13              1     0.051    27.035    27.086 
    b2v_inst                1     0.048    33.152    33.200 
    b2v_inst14              1     0.045    49.510    49.555 
    b2v_inst6               1     0.031     7.878     7.909 
  b2v_inst48                8     0.521   277.158   277.679 
    b2v_inst10              1     0.113    28.529    28.641 
    b2v_inst1               1     0.095    78.089    78.185 
    b2v_inst11              1     0.087    23.082    23.169 
    b2v_inst2               1     0.055    48.202    48.257 
    b2v_inst13              1     0.052    26.609    26.661 
    b2v_inst14              1     0.048    52.127    52.175 
    b2v_inst                1     0.036    13.698    13.734 
    b2v_inst6               1     0.035     6.822     6.856 
  b2v_inst72                8     0.520   173.695   174.215 
    b2v_inst1               1     0.090     6.587     6.677 
    b2v_inst4               1     0.084    29.351    29.435 
    b2v_inst2               1     0.069    23.334    23.403 
    b2v_inst5               1     0.067    40.279    40.346 
    b2v_inst6               1     0.066    15.809    15.875 
    b2v_inst7               1     0.052    24.527    24.579 
    b2v_inst3               1     0.049    15.005    15.054 
    b2v_inst                1     0.042    18.804    18.846 
  b2v_inst58                8     0.518   289.113   289.631 
    b2v_inst10              1     0.102    72.884    72.986 
    b2v_inst11              1     0.088    17.588    17.675 
    b2v_inst1               1     0.083    20.075    20.158 
    b2v_inst                1     0.058    37.369    37.428 
    b2v_inst2               1     0.057    50.067    50.125 
    b2v_inst13              1     0.051    32.286    32.336 
    b2v_inst14              1     0.046    45.476    45.522 
    b2v_inst6               1     0.033    13.367    13.401 
  b2v_inst10                8     0.513   205.246   205.759 
    b2v_inst1               1     0.094    33.452    33.546 
    b2v_inst4               1     0.092    45.131    45.223 
    b2v_inst7               1     0.072    26.728    26.799 
    b2v_inst5               1     0.069    41.247    41.316 
    b2v_inst2               1     0.067    27.515    27.582 
    b2v_inst6               1     0.041     9.744     9.785 
    b2v_inst3               1     0.040    10.407    10.447 
    b2v_inst                1     0.038    11.023    11.061 
  b2v_inst32                8     0.507   190.926   191.433 
    b2v_inst1               1     0.093    26.073    26.167 
    b2v_inst4               1     0.089    28.594    28.683 
    b2v_inst2               1     0.071    24.723    24.793 
    b2v_inst7               1     0.067    30.715    30.782 
    b2v_inst5               1     0.059    39.628    39.688 
    b2v_inst6               1     0.051    14.655    14.706 
    b2v_inst3               1     0.043    15.036    15.079 
    b2v_inst                1     0.033    11.501    11.535 
  b2v_inst14                8     0.507   186.633   187.140 
    b2v_inst1               1     0.097    40.447    40.544 
    b2v_inst4               1     0.093    39.146    39.238 
    b2v_inst7               1     0.078    21.518    21.596 
    b2v_inst5               1     0.071    38.296    38.367 
    b2v_inst2               1     0.059    22.880    22.938 
    b2v_inst3               1     0.037    11.025    11.063 
    b2v_inst6               1     0.037     9.513     9.550 
    b2v_inst                1     0.035     3.808     3.843 
  b2v_inst11                8     0.507   184.787   185.294 
    b2v_inst1               1     0.098    26.999    27.097 
    b2v_inst4               1     0.083    23.256    23.338 
    b2v_inst7               1     0.072    30.166    30.238 
    b2v_inst3               1     0.062    18.241    18.302 
    b2v_inst2               1     0.058    20.155    20.213 
    b2v_inst6               1     0.054    15.914    15.968 
    b2v_inst5               1     0.049    42.113    42.162 
    b2v_inst                1     0.032     7.944     7.975 
  b2v_inst2                 8     0.503   155.431   155.934 
    b2v_inst1               1     0.097    33.577    33.674 
    b2v_inst4               1     0.091    33.570    33.661 
    b2v_inst7               1     0.072    13.371    13.443 
    b2v_inst5               1     0.071    23.167    23.238 
    b2v_inst2               1     0.058    23.379    23.437 
    b2v_inst3               1     0.041    13.544    13.585 
    b2v_inst6               1     0.039     7.161     7.201 
    b2v_inst                1     0.034     7.661     7.695 
  b2v_inst15                8     0.501   163.133   163.634 
    b2v_inst1               1     0.094    34.195    34.289 
    b2v_inst4               1     0.083     5.687     5.770 
    b2v_inst7               1     0.064    16.947    17.011 
    b2v_inst3               1     0.063    22.587    22.649 
    b2v_inst2               1     0.055    23.450    23.506 
    b2v_inst6               1     0.053    12.967    13.020 
    b2v_inst5               1     0.052    39.668    39.720 
    b2v_inst                1     0.038     7.632     7.670 
  b2v_inst5                 8     0.501   180.769   181.270 
    b2v_inst1               1     0.094    27.053    27.147 
    b2v_inst4               1     0.091    39.232    39.323 
    b2v_inst7               1     0.075    22.816    22.891 
    b2v_inst5               1     0.062    38.548    38.610 
    b2v_inst2               1     0.059    24.106    24.165 
    b2v_inst3               1     0.042    10.786    10.828 
    b2v_inst6               1     0.040     7.310     7.350 
    b2v_inst                1     0.038    10.917    10.955 
  b2v_inst12                8     0.498   198.720   199.218 
    b2v_inst1               1     0.093    33.970    34.063 
    b2v_inst4               1     0.091    39.293    39.384 
    b2v_inst7               1     0.075    26.351    26.425 
    b2v_inst5               1     0.064    42.486    42.550 
    b2v_inst2               1     0.058    23.465    23.523 
    b2v_inst3               1     0.040    13.868    13.908 
    b2v_inst                1     0.039     7.075     7.113 
    b2v_inst6               1     0.039    12.213    12.251 
  b2v_inst13                8     0.498   168.208   168.706 
    b2v_inst1               1     0.096    46.995    47.091 
    b2v_inst4               1     0.093    38.369    38.462 
    b2v_inst7               1     0.079    13.293    13.372 
    b2v_inst5               1     0.069    30.446    30.515 
    b2v_inst2               1     0.055    26.062    26.117 
    b2v_inst                1     0.036     3.681     3.717 
    b2v_inst6               1     0.035     4.269     4.304 
    b2v_inst3               1     0.035     5.095     5.129 
  b2v_inst17                6     0.494   302.622   303.117 
    b2v_inst1               1     0.194   132.945   133.140 
    b2v_inst                1     0.106    74.774    74.881 
    b2v_inst8               1     0.051    32.475    32.527 
    b2v_inst7               1     0.049    28.341    28.391 
    b2v_inst6               1     0.049    16.499    16.547 
    b2v_inst5               1     0.044    17.588    17.632 
  b2v_inst3                 8     0.493   127.512   128.005 
    b2v_inst1               1     0.096    19.814    19.910 
    b2v_inst4               1     0.093    22.353    22.447 
    b2v_inst7               1     0.073    13.455    13.528 
    b2v_inst5               1     0.067    28.607    28.674 
    b2v_inst2               1     0.059    17.136    17.195 
    b2v_inst                1     0.035     7.365     7.400 
    b2v_inst6               1     0.035     7.575     7.610 
    b2v_inst3               1     0.035    11.206    11.241 
  b2v_inst4                 8     0.493   221.501   221.994 
    b2v_inst1               1     0.097    39.896    39.992 
    b2v_inst4               1     0.092    44.217    44.309 
    b2v_inst7               1     0.072    27.037    27.109 
    b2v_inst5               1     0.070    45.838    45.909 
    b2v_inst2               1     0.054    30.200    30.254 
    b2v_inst3               1     0.037    13.789    13.826 
    b2v_inst6               1     0.036     9.493     9.529 
    b2v_inst                1     0.035    11.031    11.066 
  b2v_inst18                6     0.492   411.034   411.526 
    b2v_inst1               1     0.194   161.069   161.263 
    b2v_inst                1     0.105   110.879   110.984 
    b2v_inst8               1     0.051    58.034    58.085 
    b2v_inst7               1     0.049    38.953    39.002 
    b2v_inst6               1     0.049     9.532     9.581 
    b2v_inst5               1     0.044    32.567    32.611 
  b2v_inst20                6     0.489   510.792   511.281 
    b2v_inst1               1     0.194   181.741   181.935 
    b2v_inst                1     0.104   142.133   142.237 
    b2v_inst8               1     0.050    68.035    68.085 
    b2v_inst6               1     0.049    25.569    25.618 
    b2v_inst7               1     0.048    57.471    57.519 
    b2v_inst5               1     0.044    35.843    35.887 
  b2v_inst25                6     0.489   476.635   477.124 
    b2v_inst1               1     0.194   161.320   161.513 
    b2v_inst                1     0.099   122.286   122.385 
    b2v_inst6               1     0.050    20.003    20.053 
    b2v_inst8               1     0.050    56.441    56.491 
    b2v_inst7               1     0.048    76.679    76.727 
    b2v_inst5               1     0.047    39.906    39.953 
  b2v_inst28                6     0.488   397.239   397.727 
    b2v_inst1               1     0.198   118.765   118.963 
    b2v_inst                1     0.096    77.505    77.601 
    b2v_inst6               1     0.053    21.422    21.475 
    b2v_inst8               1     0.047    51.548    51.595 
    b2v_inst7               1     0.047    73.148    73.195 
    b2v_inst5               1     0.046    54.851    54.897 
  b2v_inst9                 8     0.487   192.074   192.562 
    b2v_inst1               1     0.093    33.346    33.439 
    b2v_inst4               1     0.091    38.952    39.043 
    b2v_inst7               1     0.070    22.329    22.399 
    b2v_inst5               1     0.065    42.693    42.758 
    b2v_inst2               1     0.054    23.556    23.610 
    b2v_inst                1     0.039     7.140     7.179 
    b2v_inst3               1     0.038    14.143    14.181 
    b2v_inst6               1     0.037     9.916     9.953 
  b2v_inst6                 8     0.486   160.577   161.064 
    b2v_inst1               1     0.092    33.721    33.813 
    b2v_inst4               1     0.092    38.862    38.954 
    b2v_inst5               1     0.071    24.585    24.655 
    b2v_inst7               1     0.066    13.507    13.573 
    b2v_inst2               1     0.055    23.641    23.697 
    b2v_inst                1     0.040     7.447     7.487 
    b2v_inst3               1     0.035    11.303    11.338 
    b2v_inst6               1     0.035     7.511     7.547 
  b2v_inst23                6     0.484   431.766   432.250 
    b2v_inst1               1     0.192   194.048   194.239 
    b2v_inst                1     0.101    85.728    85.830 
    b2v_inst7               1     0.051    49.881    49.932 
    b2v_inst8               1     0.050    48.450    48.500 
    b2v_inst6               1     0.045    35.641    35.686 
    b2v_inst5               1     0.045    18.018    18.063 
  b2v_inst19                6     0.481   449.580   450.061 
    b2v_inst1               1     0.186   212.998   213.184 
    b2v_inst                1     0.104    64.037    64.141 
    b2v_inst7               1     0.051    61.461    61.512 
    b2v_inst8               1     0.050    52.201    52.251 
    b2v_inst6               1     0.047    40.714    40.761 
    b2v_inst5               1     0.042    18.169    18.212 
  b2v_inst35                6     0.481   166.432   166.913 
    b2v_inst1               1     0.188    55.077    55.265 
    b2v_inst                1     0.100    27.323    27.423 
    b2v_inst6               1     0.051    17.408    17.460 
    b2v_inst7               1     0.050    31.551    31.601 
    b2v_inst8               1     0.049    16.056    16.105 
    b2v_inst5               1     0.042    19.017    19.059 
  b2v_inst21                6     0.479   516.040   516.519 
    b2v_inst1               1     0.178   210.142   210.320 
    b2v_inst                1     0.109   135.120   135.229 
    b2v_inst8               1     0.052    74.423    74.475 
    b2v_inst7               1     0.051    49.728    49.779 
    b2v_inst6               1     0.047    32.027    32.074 
    b2v_inst5               1     0.043    14.599    14.642 
  b2v_inst31                6     0.478   370.863   371.341 
    b2v_inst1               1     0.187    97.821    98.007 
    b2v_inst                1     0.097    91.589    91.687 
    b2v_inst6               1     0.051    26.690    26.741 
    b2v_inst7               1     0.048    67.442    67.490 
    b2v_inst8               1     0.048    47.377    47.425 
    b2v_inst5               1     0.046    39.945    39.991 
  b2v_inst34                6     0.477   209.878   210.355 
    b2v_inst1               1     0.180    70.016    70.196 
    b2v_inst                1     0.104    54.653    54.757 
    b2v_inst7               1     0.052    32.237    32.288 
    b2v_inst8               1     0.051    24.731    24.782 
    b2v_inst6               1     0.050    20.566    20.616 
    b2v_inst5               1     0.042     7.675     7.717 
  b2v_inst1                 6     0.477   271.892   272.369 
    b2v_inst1               1     0.189   106.443   106.632 
    b2v_inst                1     0.103    71.074    71.177 
    b2v_inst8               1     0.050    52.047    52.097 
    b2v_inst7               1     0.049    17.185    17.234 
    b2v_inst5               1     0.044    17.886    17.929 
    b2v_inst6               1     0.043     7.257     7.299 
  b2v_inst16                6     0.476   332.394   332.870 
    b2v_inst1               1     0.183   126.567   126.750 
    b2v_inst                1     0.106    90.596    90.702 
    b2v_inst8               1     0.051    61.453    61.504 
    b2v_inst7               1     0.049    24.988    25.037 
    b2v_inst6               1     0.044    14.189    14.233 
    b2v_inst5               1     0.043    14.602    14.645 
  b2v_inst33                6     0.475   263.943   264.418 
    b2v_inst1               1     0.185    83.162    83.347 
    b2v_inst                1     0.090    43.845    43.936 
    b2v_inst6               1     0.052    25.941    25.993 
    b2v_inst5               1     0.050    35.345    35.395 
    b2v_inst7               1     0.050    37.486    37.536 
    b2v_inst8               1     0.048    38.164    38.212 
  b2v_inst26                6     0.474   399.586   400.060 
    b2v_inst1               1     0.181   203.612   203.794 
    b2v_inst                1     0.101    53.380    53.482 
    b2v_inst8               1     0.050    42.576    42.626 
    b2v_inst7               1     0.050    45.589    45.638 
    b2v_inst6               1     0.046    29.111    29.158 
    b2v_inst5               1     0.045    25.317    25.363 
  b2v_inst24                6     0.471   519.719   520.190 
    b2v_inst1               1     0.182   198.098   198.281 
    b2v_inst                1     0.093   111.021   111.115 
    b2v_inst7               1     0.051    53.764    53.814 
    b2v_inst5               1     0.049    43.207    43.256 
    b2v_inst8               1     0.048    74.881    74.930 
    b2v_inst6               1     0.048    38.747    38.795 
  b2v_inst29                6     0.470   203.295   203.765 
    b2v_inst1               1     0.193   102.452   102.645 
    b2v_inst                1     0.089    13.849    13.938 
    b2v_inst5               1     0.050    17.567    17.617 
    b2v_inst7               1     0.048    29.150    29.199 
    b2v_inst8               1     0.047    22.433    22.480 
    b2v_inst6               1     0.043    17.843    17.886 
  b2v_inst22                6     0.467   557.473   557.940 
    b2v_inst1               1     0.179   177.938   178.117 
    b2v_inst                1     0.100   134.283   134.382 
    b2v_inst8               1     0.050    84.832    84.882 
    b2v_inst7               1     0.048    81.962    82.010 
    b2v_inst5               1     0.047    56.610    56.657 
    b2v_inst6               1     0.044    21.848    21.892 
  b2v_inst27                6     0.466   421.052   421.518 
    b2v_inst1               1     0.180   167.070   167.251 
    b2v_inst                1     0.098    59.555    59.653 
    b2v_inst7               1     0.049    52.298    52.347 
    b2v_inst8               1     0.048    58.646    58.694 
    b2v_inst6               1     0.046    31.656    31.702 
    b2v_inst5               1     0.044    51.826    51.871 
  b2v_inst                  6     0.465   308.992   309.456 
    b2v_inst1               1     0.173   117.549   117.722 
    b2v_inst                1     0.105    83.440    83.545 
    b2v_inst8               1     0.051    61.578    61.629 
    b2v_inst7               1     0.048    22.076    22.124 
    b2v_inst5               1     0.046    16.989    17.034 
    b2v_inst6               1     0.042     7.360     7.402 
  b2v_inst30                6     0.464   317.805   318.268 
    b2v_inst1               1     0.170   141.693   141.863 
    b2v_inst                1     0.104    53.602    53.706 
    b2v_inst8               1     0.050    42.467    42.517 
    b2v_inst7               1     0.049    29.332    29.381 
    b2v_inst6               1     0.046    21.674    21.720 
    b2v_inst5               1     0.045    29.036    29.081 
  b2v_inst36                4     0.384   141.143   141.527 
    b2v_inst1               1     0.184    82.651    82.835 
    b2v_inst                1     0.100    41.719    41.818 
    b2v_inst8               1     0.052    16.721    16.773 
    b2v_inst5               1     0.049     0.052     0.101 
  b2v_inst82                3     0.210    38.151    38.361 
    b2v_inst                1     0.085    23.196    23.282 
    b2v_inst3               1     0.078    12.382    12.460 
    b2v_inst2               1     0.047     2.572     2.620 
  b2v_inst80                3     0.207   102.119   102.326 
    b2v_inst                1     0.085    46.294    46.379 
    b2v_inst3               1     0.070    40.122    40.192 
    b2v_inst2               1     0.052    15.703    15.755 
  b2v_inst79                3     0.204   112.262   112.466 
    b2v_inst                1     0.084    46.170    46.254 
    b2v_inst3               1     0.067    41.247    41.314 
    b2v_inst2               1     0.052    24.845    24.897 
  b2v_inst73                3     0.196    53.499    53.694 
    b2v_inst                1     0.082    15.124    15.206 
    b2v_inst2               1     0.064    21.954    22.018 
    b2v_inst3               1     0.050    16.421    16.470 
  b2v_inst81                3     0.193    86.072    86.265 
    b2v_inst                1     0.083    38.874    38.957 
    b2v_inst3               1     0.071    23.942    24.013 
    b2v_inst2               1     0.039    23.256    23.295 
  b2v_inst77                3     0.192    75.954    76.146 
    b2v_inst                1     0.080    22.909    22.989 
    b2v_inst2               1     0.071    28.276    28.347 
    b2v_inst3               1     0.041    24.769    24.810 
  b2v_inst78                3     0.192   122.918   123.109 
    b2v_inst                1     0.084    30.151    30.235 
    b2v_inst2               1     0.059    35.267    35.326 
    b2v_inst3               1     0.048    57.500    57.548 
  b2v_inst76                3     0.190    85.531    85.722 
    b2v_inst                1     0.082    22.493    22.575 
    b2v_inst2               1     0.064    23.791    23.855 
    b2v_inst3               1     0.044    39.247    39.291 
  b2v_inst59                3     0.190    48.235    48.425 
    b2v_inst1               1     0.093    23.180    23.273 
    b2v_inst2               1     0.058    11.087    11.145 
    b2v_inst                1     0.039    13.969    14.008 
  b2v_inst74                3     0.189    95.977    96.166 
    b2v_inst1               1     0.092    39.537    39.629 
    b2v_inst2               1     0.057    31.720    31.777 
    b2v_inst                1     0.041    24.719    24.760 
  b2v_inst60                3     0.184    43.721    43.905 
    b2v_inst1               1     0.096    17.453    17.549 
    b2v_inst2               1     0.052    16.934    16.985 
    b2v_inst                1     0.036     9.335     9.371 
  b2v_inst62                1     0.089    21.040    21.128 
  b2v_inst84                1     0.089    39.753    39.842 
  b2v_inst86                1     0.089    21.040    21.128 
  b2v_inst89                1     0.089    28.033    28.122 
  b2v_inst64                1     0.089    28.031    28.120 
  b2v_inst66                1     0.089    23.875    23.963 
  b2v_inst8                 1     0.089    14.045    14.134 
  b2v_inst63                1     0.089    39.750    39.838 
  b2v_inst65                1     0.089    28.030    28.118 
  b2v_inst67                1     0.089    21.037    21.126 
  b2v_inst68                1     0.089    28.030    28.118 
  b2v_inst83                1     0.089    14.047    14.136 
  b2v_inst85                1     0.089    28.034    28.123 
  b2v_inst87                1     0.089    21.041    21.129 
  b2v_inst88                1     0.089    21.041    21.129 
  b2v_inst7                 1     0.076    14.601    14.677 
  b2v_inst151               1     0.047    14.405    14.452 
  b2v_inst153               1     0.047    18.186    18.233 
  b2v_inst155               1     0.047    13.653    13.700 
  b2v_inst159               1     0.047    14.405    14.452 
  b2v_inst164               1     0.047    14.405    14.452 
  b2v_inst168               1     0.047    10.817    10.864 
  b2v_inst170               1     0.047    17.992    18.039 
  b2v_inst177               1     0.047     7.229     7.276 
  b2v_inst178               1     0.047    14.405    14.452 
  b2v_inst181               1     0.047    10.817    10.864 
  b2v_inst183               1     0.047    14.405    14.452 
  b2v_inst149               1     0.047    14.406    14.453 
  b2v_inst158               1     0.047    10.818    10.865 
  b2v_inst162               1     0.047    17.994    18.041 
  b2v_inst172               1     0.047     4.588     4.635 
  b2v_inst174               1     0.047    22.721    22.768 
  b2v_inst189               1     0.047    14.406    14.453 
  b2v_inst191               1     0.047    14.406    14.453 
  b2v_inst195               1     0.047    14.406    14.453 
  b2v_inst197               1     0.047    14.406    14.453 
  b2v_inst121               1     0.047    18.188    18.235 
  b2v_inst152               1     0.047    10.818    10.865 
  b2v_inst154               1     0.047    18.188    18.235 
  b2v_inst156               1     0.047    18.188    18.235 
  b2v_inst157               1     0.047    14.406    14.453 
  b2v_inst165               1     0.047    14.406    14.453 
  b2v_inst166               1     0.047    14.406    14.453 
  b2v_inst167               1     0.047     7.230     7.277 
  b2v_inst169               1     0.047     7.230     7.277 
  b2v_inst171               1     0.047    10.818    10.865 
  b2v_inst179               1     0.047    10.818    10.865 
  b2v_inst180               1     0.047    14.406    14.453 
  b2v_inst182               1     0.047    14.406    14.453 
  b2v_inst184               1     0.047    14.406    14.453 
  b2v_inst185               1     0.047    14.406    14.453 
  b2v_inst186               1     0.047    10.818    10.865 
  b2v_inst125               1     0.047    18.189    18.236 
  b2v_inst150               1     0.047     7.231     7.278 
  b2v_inst160               1     0.047    10.819    10.866 
  b2v_inst161               1     0.047    10.819    10.866 
  b2v_inst163               1     0.047    10.819    10.866 
  b2v_inst173               1     0.047    22.723    22.770 
  b2v_inst175               1     0.047    18.189    18.236 
  b2v_inst176               1     0.047    10.819    10.866 
  b2v_inst190               1     0.047    10.819    10.866 
  b2v_inst192               1     0.047    10.819    10.866 
  b2v_inst194               1     0.047    14.407    14.454 
  b2v_inst196               1     0.047    14.407    14.454 

