============================================================
Generated by:           Encounter(R) RTL Compiler v11.10-p005_1
  Generated on:           May 19 2021  05:09:01 pm
  Module:                 proposedmultiplier1
  Technology library:     fast_vdd1v0 1.0
  Operating conditions:   PVT_1P1V_0C (balanced_tree)
  Wireload mode:          enclosed
  Area mode:              timing library
============================================================

  Pin        Type     Fanout Load Slew Delay Arrival   
                             (fF) (ps)  (ps)   (ps)    
-------------------------------------------------------
a2          in port        8  2.4    0    +0       0 R 
b2v_inst166/i2 
  g2/A                                    +0       0   
  g2/Y      NAND2XL        2  0.6   18   +15      15 F 
b2v_inst166/o1 
b2v_inst4/b 
  b2v_inst/i1 
    g8/A                                  +0      15   
    g8/Y    NOR2XL         2  0.6   20   +21      36 R 
  b2v_inst/o1 
  b2v_inst2/i2 
    g8/A                                  +0      36   
    g8/Y    NOR2XL         2  0.5   12   +16      51 F 
  b2v_inst2/o1 
  b2v_inst4/i1 
    g8/A                                  +0      51   
    g8/Y    AND2X1         1  0.2    4   +18      69 F 
  b2v_inst4/o1 
  b2v_inst5/i1 
    g8/B                                  +0      69   
    g8/Y    NOR2XL         2  0.6   20   +15      83 R 
  b2v_inst5/o1 
b2v_inst4/s 
b2v_inst48/b 
  b2v_inst1/i1 
    g8/A                                  +0      83   
    g8/Y    AND2X1         2  0.6    8   +27     111 R 
  b2v_inst1/o1 
  b2v_inst2/i1 
    g8/B                                  +0     111   
    g8/Y    NOR2XL         2  0.4   11    +9     120 F 
  b2v_inst2/o1 
  b2v_inst11/i1 
    g2/B                                  +0     120   
    g2/Y    OR2X1          1  0.2    5   +26     146 F 
  b2v_inst11/o1 
  b2v_inst14/i2 
    g2/B                                  +0     146   
    g2/Y    NAND2XL        2  0.6   13   +10     156 R 
  b2v_inst14/o1 
b2v_inst48/s 
b2v_inst78/ah 
  b2v_inst/i2 
    g8/A                                  +0     156   
    g8/Y    AND2X1         3  0.9   10   +27     183 R 
  b2v_inst/o1 
b2v_inst78/hc 
b2v_inst1/c1 
  b2v_inst1/i1 
    g10/A                                 +0     183   
    g10/Y   XNOR2X1        2  0.4    7   +43     226 F 
  b2v_inst1/o1 
b2v_inst1/sf 
b2v_inst16/af 
  b2v_inst/i2 
    g2/B                                  +0     226   
    g2/Y    OR2X1          2  0.4    6   +26     253 F 
  b2v_inst/o1 
  b2v_inst6/i2 
    g2/B                                  +0     253   
    g2/Y    NAND2XL        1  0.3   10    +8     261 R 
  b2v_inst6/o1 
  b2v_inst7/i1 
    g2/B                                  +0     261   
    g2/Y    NAND2XL        2  0.7   20   +17     278 F 
  b2v_inst7/o1 
b2v_inst16/cf 
b2v_inst18/c1 
  b2v_inst6/i1 
    g2/B                                  +0     278   
    g2/Y    NAND2XL        1  0.3    9   +13     291 R 
  b2v_inst6/o1 
  b2v_inst7/i1 
    g2/B                                  +0     291   
    g2/Y    NAND2XL        2  0.7   20   +17     308 F 
  b2v_inst7/o1 
b2v_inst18/cf 
b2v_inst20/c1 
  b2v_inst6/i1 
    g2/B                                  +0     308   
    g2/Y    NAND2XL        1  0.3    9   +13     321 R 
  b2v_inst6/o1 
  b2v_inst7/i1 
    g2/B                                  +0     321   
    g2/Y    NAND2XL        2  0.6   19   +16     337 F 
  b2v_inst7/o1 
b2v_inst20/cf 
b2v_inst22/c1 
  b2v_inst6/i1 
    g2/A                                  +0     337   
    g2/Y    NAND2XL        1  0.3   10   +14     350 R 
  b2v_inst6/o1 
  b2v_inst7/i1 
    g2/B                                  +0     350   
    g2/Y    NAND2XL        2  0.7   20   +17     368 F 
  b2v_inst7/o1 
b2v_inst22/cf 
b2v_inst25/c1 
  b2v_inst6/i1 
    g2/B                                  +0     368   
    g2/Y    NAND2XL        1  0.3    9   +13     381 R 
  b2v_inst6/o1 
  b2v_inst7/i1 
    g2/B                                  +0     381   
    g2/Y    NAND2XL        2  0.7   20   +17     398 F 
  b2v_inst7/o1 
b2v_inst25/cf 
b2v_inst28/c1 
  b2v_inst6/i1 
    g2/B                                  +0     398   
    g2/Y    NAND2XL        1  0.3    9   +13     410 R 
  b2v_inst6/o1 
  b2v_inst7/i1 
    g2/B                                  +0     410   
    g2/Y    NAND2XL        2  0.7   20   +17     428 F 
  b2v_inst7/o1 
b2v_inst28/cf 
b2v_inst31/c1 
  b2v_inst6/i1 
    g2/B                                  +0     428   
    g2/Y    NAND2XL        1  0.3    9   +13     440 R 
  b2v_inst6/o1 
  b2v_inst7/i1 
    g2/B                                  +0     440   
    g2/Y    NAND2XL        2  0.7   20   +17     457 F 
  b2v_inst7/o1 
b2v_inst31/cf 
b2v_inst33/c1 
  b2v_inst6/i1 
    g2/B                                  +0     457   
    g2/Y    NAND2XL        1  0.3    9   +13     470 R 
  b2v_inst6/o1 
  b2v_inst7/i1 
    g2/B                                  +0     470   
    g2/Y    NAND2XL        2  0.7   20   +17     487 F 
  b2v_inst7/o1 
b2v_inst33/cf 
b2v_inst34/c1 
  b2v_inst6/i1 
    g2/B                                  +0     487   
    g2/Y    NAND2XL        1  0.3    9   +13     500 R 
  b2v_inst6/o1 
  b2v_inst7/i1 
    g2/B                                  +0     500   
    g2/Y    NAND2XL        2  0.7   20   +17     517 F 
  b2v_inst7/o1 
b2v_inst34/cf 
b2v_inst35/c1 
  b2v_inst6/i1 
    g2/B                                  +0     517   
    g2/Y    NAND2XL        1  0.3    9   +13     530 R 
  b2v_inst6/o1 
  b2v_inst7/i1 
    g2/B                                  +0     530   
    g2/Y    NAND2XL        1  0.5   17   +15     544 F 
  b2v_inst7/o1 
b2v_inst35/cf 
b2v_inst36/c1 
  b2v_inst1/i1 
    g10/B                                 +0     544   
    g10/Y   XNOR2X1        1  0.0    4   +34     578 R 
  b2v_inst1/o1 
b2v_inst36/sf 
p15         out port                      +0     578 R 
-------------------------------------------------------
Timing slack :  UNCONSTRAINED
Start-point  : a2
End-point    : p15
